app/mapping.txt
# compiler: R8
# compiler_version: 3.0.73
# min_api: 21
# pg_map_id: 3d25cce
# common_typos_disable
com.by.sophixtest.MainActivity$1 -> com.by.sophixtest.MainActivity$a:
    com.by.sophixtest.MainActivity this$0 -> b
com.by.sophixtest.MyApplication -> com.by.sophixtest.a:
com.by.sophixtest.SophixStubApplication -> com.by.sophixtest.SophixStubApplication:
    void initSophix() -> a
com.by.sophixtest.SophixStubApplication$1 -> com.by.sophixtest.SophixStubApplication$a:
...
androidx.appcompat.view.menu.ActionMenuItemView -> androidx.appcompat.view.menu.ActionMenuItemView:
    boolean mExpandedFormat -> m
    int mMinWidth -> n
    int mSavedPaddingLeft -> o
    androidx.appcompat.widget.ForwardingListener mForwardingListener -> j
    android.graphics.drawable.Drawable mIcon -> h
    boolean mAllowTextWithIcon -> l
    androidx.appcompat.view.menu.MenuItemImpl mItemData -> f
    androidx.appcompat.view.menu.ActionMenuItemView$PopupCallback mPopupCallback -> k
    java.lang.CharSequence mTitle -> g
    int mMaxIconSize -> p
    androidx.appcompat.view.menu.MenuBuilder$ItemInvoker mItemInvoker -> i
    boolean needsDividerBefore() -> a
    boolean needsDividerAfter() -> b
    boolean prefersCondensedTitle() -> c
    void initialize(androidx.appcompat.view.menu.MenuItemImpl,int) -> e
    boolean hasText() -> f
    boolean shouldAllowTextWithIcon() -> g
    void updateTextButtonVisibility() -> h
androidx.appcompat.view.menu.ActionMenuItemView$ActionMenuItemForwardingListener -> androidx.appcompat.view.menu.ActionMenuItemView$a:
    androidx.appcompat.view.menu.ActionMenuItemView this$0 -> k
    androidx.appcompat.view.menu.ShowableListMenu getPopup() -> b
    boolean onForwardingStarted() -> c
androidx.appcompat.view.menu.ActionMenuItemView$PopupCallback -> androidx.appcompat.view.menu.ActionMenuItemView$b:
    androidx.appcompat.view.menu.ShowableListMenu getPopup() -> a
androidx.appcompat.view.menu.BaseMenuPresenter -> androidx.appcompat.view.menu.a:
    androidx.appcompat.view.menu.MenuView mMenuView -> i
    android.content.Context mContext -> c
    android.content.Context mSystemContext -> b
    androidx.appcompat.view.menu.MenuBuilder mMenu -> d
    android.view.LayoutInflater mSystemInflater -> e
    androidx.appcompat.view.menu.MenuPresenter$Callback mCallback -> f
    int mItemLayoutRes -> h
    int mMenuLayoutRes -> g
    void addItemView(android.view.View,int) -> a
    void onCloseMenu(androidx.appcompat.view.menu.MenuBuilder,boolean) -> b
    boolean expandItemActionView(androidx.appcompat.view.menu.MenuBuilder,androidx.appcompat.view.menu.MenuItemImpl) -> c
    void setCallback(androidx.appcompat.view.menu.MenuPresenter$Callback) -> d
    boolean onSubMenuSelected(androidx.appcompat.view.menu.SubMenuBuilder) -> e
    void bindItemView(androidx.appcompat.view.menu.MenuItemImpl,androidx.appcompat.view.menu.MenuView$ItemView) -> f
    void updateMenuView(boolean) -> h
    void initForMenu(android.content.Context,androidx.appcompat.view.menu.MenuBuilder) -> i
    androidx.appcompat.view.menu.MenuView$ItemView createItemView(android.view.ViewGroup) -> j
    boolean collapseItemActionView(androidx.appcompat.view.menu.MenuBuilder,androidx.appcompat.view.menu.MenuItemImpl) -> k
    boolean filterLeftoverView(android.view.ViewGroup,int) -> l
    androidx.appcompat.view.menu.MenuPresenter$Callback getCallback() -> m
androidx.appcompat.view.menu.BaseMenuWrapper -> g.b:
    android.content.Context mContext -> a
    androidx.collection.SimpleArrayMap mMenuItems -> b
    androidx.collection.SimpleArrayMap mSubMenus -> c
    android.view.MenuItem getMenuItemWrapper(android.view.MenuItem) -> c
    android.view.SubMenu getSubMenuWrapper(android.view.SubMenu) -> d
    void internalClear() -> e
    void internalRemoveGroup(int) -> f
    void internalRemoveItem(int) -> g